2026-02-09 22:56:02,011 - traffic_light_app - INFO - Model loaded successfully.
2026-02-09 22:56:47,988 - traffic_light_app - INFO - Model loaded successfully.
2026-02-09 23:15:33,371 - traffic_light_app - ERROR - Model file 'TrafficLightApp/chroma-trafficlightmodel (2).pt' not found.
2026-02-09 23:16:46,905 - traffic_light_app - ERROR - Model file 'TrafficLightApp/chroma-trafficlightmodel (2).pt' not found.
2026-02-09 23:20:55,476 - traffic_light_app - ERROR - Model file 'TrafficLightApp/chroma-trafficlightmodel (2).pt' not found.
2026-02-09 23:21:05,758 - traffic_light_app - ERROR - Bleak error: name 'bleak' is not defined
2026-02-09 23:21:06,591 - traffic_light_app - ERROR - Bleak error: name 'bleak' is not defined
2026-02-10 00:12:44,706 - traffic_light_app - ERROR - Model file 'TrafficLightApp/chroma-trafficlightmodel (2).pt' not found.
2026-02-10 00:14:07,007 - traffic_light_app - ERROR - Model file 'TrafficLightApp/chroma-trafficlightmodel (2).pt' not found.
2026-02-10 00:17:19,082 - traffic_light_app - ERROR - Model file 'TrafficLightApp/chroma-trafficlightmodel (2).pt' not found.
2026-02-10 00:26:42,300 - traffic_light_app - ERROR - Model file '../Downloads/chroma-trafficlightmodel (2).pt' not found.
2026-02-10 00:27:26,424 - traffic_light_app - INFO - Model loaded successfully.
2026-02-10 00:29:06,676 - traffic_light_app - INFO - Model loaded successfully.
2026-02-10 00:29:09,824 - traffic_light_app - INFO - Attempting to open camera 0
2026-02-10 00:29:09,824 - traffic_light_app - INFO - Camera 0 opened successfully
2026-02-10 00:29:10,577 - traffic_light_app - ERROR - Bleak error: name 'bleak' is not defined
2026-02-10 00:29:10,731 - traffic_light_app - ERROR - Bleak error: name 'bleak' is not defined
2026-02-10 00:29:10,853 - traffic_light_app - ERROR - Bleak error: name 'bleak' is not defined
2026-02-10 00:29:10,991 - traffic_light_app - ERROR - Bleak error: name 'bleak' is not defined
2026-02-10 00:29:11,123 - traffic_light_app - ERROR - Bleak error: name 'bleak' is not defined
2026-02-10 00:29:11,256 - traffic_light_app - ERROR - Bleak error: name 'bleak' is not defined
2026-02-10 00:29:11,392 - traffic_light_app - ERROR - Bleak error: name 'bleak' is not defined
2026-02-10 00:29:11,523 - traffic_light_app - ERROR - Bleak error: name 'bleak' is not defined
2026-02-10 00:29:11,667 - traffic_light_app - ERROR - Bleak error: name 'bleak' is not defined
2026-02-10 00:29:11,781 - traffic_light_app - ERROR - Bleak error: name 'bleak' is not defined
2026-02-10 00:29:11,910 - traffic_light_app - ERROR - Bleak error: name 'bleak' is not defined
2026-02-10 00:29:12,044 - traffic_light_app - ERROR - Bleak error: name 'bleak' is not defined
2026-02-10 00:29:12,188 - traffic_light_app - ERROR - Bleak error: name 'bleak' is not defined
2026-02-10 00:29:12,318 - traffic_light_app - ERROR - Bleak error: name 'bleak' is not defined
2026-02-10 00:29:12,443 - traffic_light_app - ERROR - Bleak error: name 'bleak' is not defined
2026-02-10 00:29:12,571 - traffic_light_app - ERROR - Bleak error: name 'bleak' is not defined
2026-02-10 00:29:12,707 - traffic_light_app - ERROR - Bleak error: name 'bleak' is not defined
2026-02-10 00:29:12,849 - traffic_light_app - ERROR - Bleak error: name 'bleak' is not defined
2026-02-10 00:29:12,973 - traffic_light_app - ERROR - Bleak error: name 'bleak' is not defined
2026-02-10 00:29:13,091 - traffic_light_app - ERROR - Bleak error: name 'bleak' is not defined
2026-02-10 00:29:13,226 - traffic_light_app - ERROR - Bleak error: name 'bleak' is not defined
2026-02-10 00:29:13,359 - traffic_light_app - ERROR - Bleak error: name 'bleak' is not defined
2026-02-10 00:29:13,484 - traffic_light_app - ERROR - Bleak error: name 'bleak' is not defined
2026-02-10 00:29:13,610 - traffic_light_app - ERROR - Bleak error: name 'bleak' is not defined
2026-02-10 00:29:13,746 - traffic_light_app - ERROR - Bleak error: name 'bleak' is not defined
2026-02-10 00:29:13,861 - traffic_light_app - ERROR - Bleak error: name 'bleak' is not defined
2026-02-10 00:29:13,973 - traffic_light_app - ERROR - Bleak error: name 'bleak' is not defined
2026-02-10 00:29:14,117 - traffic_light_app - ERROR - Bleak error: name 'bleak' is not defined
2026-02-10 00:29:14,254 - traffic_light_app - ERROR - Bleak error: name 'bleak' is not defined
2026-02-10 00:29:14,363 - traffic_light_app - ERROR - Bleak error: name 'bleak' is not defined
2026-02-10 00:29:14,494 - traffic_light_app - ERROR - Bleak error: name 'bleak' is not defined
2026-02-10 00:29:14,639 - traffic_light_app - ERROR - Bleak error: name 'bleak' is not defined
2026-02-10 00:29:14,776 - traffic_light_app - ERROR - Bleak error: name 'bleak' is not defined
2026-02-10 00:29:14,907 - traffic_light_app - ERROR - Bleak error: name 'bleak' is not defined
2026-02-10 00:29:15,039 - traffic_light_app - ERROR - Bleak error: name 'bleak' is not defined
2026-02-10 00:29:15,161 - traffic_light_app - ERROR - Bleak error: name 'bleak' is not defined
2026-02-10 00:29:15,292 - traffic_light_app - ERROR - Bleak error: name 'bleak' is not defined
2026-02-10 00:29:15,429 - traffic_light_app - ERROR - Bleak error: name 'bleak' is not defined
2026-02-10 00:29:15,556 - traffic_light_app - ERROR - Bleak error: name 'bleak' is not defined
2026-02-10 00:29:15,700 - traffic_light_app - ERROR - Bleak error: name 'bleak' is not defined
2026-02-10 00:29:15,829 - traffic_light_app - ERROR - Bleak error: name 'bleak' is not defined
2026-02-10 00:29:15,952 - traffic_light_app - ERROR - Bleak error: name 'bleak' is not defined
2026-02-10 00:29:16,093 - traffic_light_app - ERROR - Bleak error: name 'bleak' is not defined
2026-02-10 00:29:16,223 - traffic_light_app - ERROR - Bleak error: name 'bleak' is not defined
2026-02-10 00:29:16,354 - traffic_light_app - ERROR - Bleak error: name 'bleak' is not defined
2026-02-10 00:29:16,502 - traffic_light_app - ERROR - Bleak error: name 'bleak' is not defined
2026-02-10 00:29:16,616 - traffic_light_app - ERROR - Bleak error: name 'bleak' is not defined
2026-02-10 00:29:16,753 - traffic_light_app - ERROR - Bleak error: name 'bleak' is not defined
2026-02-10 00:29:16,885 - traffic_light_app - ERROR - Bleak error: name 'bleak' is not defined
2026-02-10 00:29:17,015 - traffic_light_app - ERROR - Bleak error: name 'bleak' is not defined
2026-02-10 00:29:17,136 - traffic_light_app - ERROR - Bleak error: name 'bleak' is not defined
2026-02-10 00:29:17,269 - traffic_light_app - ERROR - Bleak error: name 'bleak' is not defined
2026-02-10 00:29:17,394 - traffic_light_app - ERROR - Bleak error: name 'bleak' is not defined
2026-02-10 00:29:17,520 - traffic_light_app - ERROR - Bleak error: name 'bleak' is not defined
2026-02-10 00:29:17,649 - traffic_light_app - ERROR - Bleak error: name 'bleak' is not defined
2026-02-10 00:29:17,781 - traffic_light_app - ERROR - Bleak error: name 'bleak' is not defined
2026-02-10 00:29:17,909 - traffic_light_app - ERROR - Bleak error: name 'bleak' is not defined
2026-02-10 00:29:18,040 - traffic_light_app - ERROR - Bleak error: name 'bleak' is not defined
2026-02-10 00:29:18,169 - traffic_light_app - ERROR - Bleak error: name 'bleak' is not defined
2026-02-10 00:29:18,295 - traffic_light_app - ERROR - Bleak error: name 'bleak' is not defined
2026-02-10 00:29:18,428 - traffic_light_app - ERROR - Bleak error: name 'bleak' is not defined
2026-02-10 00:29:18,570 - traffic_light_app - ERROR - Bleak error: name 'bleak' is not defined
2026-02-10 00:29:18,717 - traffic_light_app - ERROR - Bleak error: name 'bleak' is not defined
2026-02-10 00:29:18,861 - traffic_light_app - ERROR - Bleak error: name 'bleak' is not defined
2026-02-10 00:29:18,996 - traffic_light_app - ERROR - Bleak error: name 'bleak' is not defined
2026-02-10 00:29:19,135 - traffic_light_app - ERROR - Bleak error: name 'bleak' is not defined
2026-02-10 00:29:19,283 - traffic_light_app - ERROR - Bleak error: name 'bleak' is not defined
2026-02-10 00:29:19,414 - traffic_light_app - ERROR - Bleak error: name 'bleak' is not defined
2026-02-10 00:29:19,549 - traffic_light_app - ERROR - Bleak error: name 'bleak' is not defined
2026-02-10 00:29:19,686 - traffic_light_app - ERROR - Bleak error: name 'bleak' is not defined
2026-02-10 00:29:19,814 - traffic_light_app - ERROR - Bleak error: name 'bleak' is not defined
2026-02-10 00:29:19,950 - traffic_light_app - ERROR - Bleak error: name 'bleak' is not defined
2026-02-10 00:29:20,082 - traffic_light_app - ERROR - Bleak error: name 'bleak' is not defined
2026-02-10 00:29:20,223 - traffic_light_app - ERROR - Bleak error: name 'bleak' is not defined
2026-02-10 00:29:20,350 - traffic_light_app - ERROR - Bleak error: name 'bleak' is not defined
2026-02-10 00:29:20,489 - traffic_light_app - ERROR - Bleak error: name 'bleak' is not defined
2026-02-10 00:29:20,617 - traffic_light_app - ERROR - Bleak error: name 'bleak' is not defined
2026-02-10 00:29:20,765 - traffic_light_app - ERROR - Bleak error: name 'bleak' is not defined
2026-02-10 00:29:20,891 - traffic_light_app - ERROR - Bleak error: name 'bleak' is not defined
2026-02-10 00:29:21,010 - traffic_light_app - ERROR - Bleak error: name 'bleak' is not defined
2026-02-10 00:29:21,159 - traffic_light_app - ERROR - Bleak error: name 'bleak' is not defined
2026-02-10 00:29:21,303 - traffic_light_app - ERROR - Bleak error: name 'bleak' is not defined
2026-02-10 00:29:21,443 - traffic_light_app - ERROR - Bleak error: name 'bleak' is not defined
2026-02-10 00:29:21,572 - traffic_light_app - ERROR - Bleak error: name 'bleak' is not defined
2026-02-10 00:29:21,696 - traffic_light_app - ERROR - Bleak error: name 'bleak' is not defined
2026-02-10 00:29:21,829 - traffic_light_app - ERROR - Bleak error: name 'bleak' is not defined
2026-02-10 00:29:21,970 - traffic_light_app - ERROR - Bleak error: name 'bleak' is not defined
2026-02-10 00:29:21,971 - traffic_light_app - ERROR - Bleak error: name 'bleak' is not defined
2026-02-10 00:29:22,099 - traffic_light_app - ERROR - Bleak error: name 'bleak' is not defined
2026-02-10 00:29:22,222 - traffic_light_app - ERROR - Bleak error: name 'bleak' is not defined
2026-02-10 00:29:22,365 - traffic_light_app - ERROR - Bleak error: name 'bleak' is not defined
2026-02-10 00:29:22,500 - traffic_light_app - ERROR - Bleak error: name 'bleak' is not defined
2026-02-10 00:29:22,633 - traffic_light_app - ERROR - Bleak error: name 'bleak' is not defined
2026-02-10 00:29:22,634 - traffic_light_app - ERROR - Bleak error: name 'bleak' is not defined
2026-02-10 00:29:22,763 - traffic_light_app - ERROR - Bleak error: name 'bleak' is not defined
2026-02-10 00:29:22,909 - traffic_light_app - ERROR - Bleak error: name 'bleak' is not defined
2026-02-10 00:29:23,038 - traffic_light_app - ERROR - Bleak error: name 'bleak' is not defined
2026-02-10 00:29:23,177 - traffic_light_app - ERROR - Bleak error: name 'bleak' is not defined
2026-02-10 00:29:23,294 - traffic_light_app - ERROR - Bleak error: name 'bleak' is not defined
2026-02-10 00:29:23,425 - traffic_light_app - ERROR - Bleak error: name 'bleak' is not defined
2026-02-10 00:29:23,567 - traffic_light_app - ERROR - Bleak error: name 'bleak' is not defined
2026-02-10 00:29:23,699 - traffic_light_app - ERROR - Bleak error: name 'bleak' is not defined
2026-02-10 00:29:23,826 - traffic_light_app - ERROR - Bleak error: name 'bleak' is not defined
2026-02-10 00:29:23,966 - traffic_light_app - ERROR - Bleak error: name 'bleak' is not defined
2026-02-10 00:29:24,101 - traffic_light_app - ERROR - Bleak error: name 'bleak' is not defined
2026-02-10 00:29:24,235 - traffic_light_app - ERROR - Bleak error: name 'bleak' is not defined
2026-02-10 00:29:24,373 - traffic_light_app - ERROR - Bleak error: name 'bleak' is not defined
2026-02-10 00:29:24,483 - traffic_light_app - ERROR - Bleak error: name 'bleak' is not defined
2026-02-10 00:29:24,608 - traffic_light_app - ERROR - Bleak error: name 'bleak' is not defined
2026-02-10 00:29:24,734 - traffic_light_app - ERROR - Bleak error: name 'bleak' is not defined
2026-02-10 00:29:24,866 - traffic_light_app - ERROR - Bleak error: name 'bleak' is not defined
2026-02-10 00:29:24,991 - traffic_light_app - ERROR - Bleak error: name 'bleak' is not defined
2026-02-10 00:29:25,125 - traffic_light_app - ERROR - Bleak error: name 'bleak' is not defined
2026-02-10 00:29:25,251 - traffic_light_app - ERROR - Bleak error: name 'bleak' is not defined
2026-02-10 00:29:25,380 - traffic_light_app - ERROR - Bleak error: name 'bleak' is not defined
2026-02-10 00:29:25,516 - traffic_light_app - ERROR - Bleak error: name 'bleak' is not defined
2026-02-10 00:29:25,645 - traffic_light_app - ERROR - Bleak error: name 'bleak' is not defined
2026-02-10 00:29:25,770 - traffic_light_app - ERROR - Bleak error: name 'bleak' is not defined
2026-02-10 00:29:25,887 - traffic_light_app - ERROR - Bleak error: name 'bleak' is not defined
2026-02-10 00:29:26,032 - traffic_light_app - ERROR - Bleak error: name 'bleak' is not defined
2026-02-10 00:29:26,162 - traffic_light_app - ERROR - Bleak error: name 'bleak' is not defined
2026-02-10 00:29:26,294 - traffic_light_app - ERROR - Bleak error: name 'bleak' is not defined
2026-02-10 00:29:26,439 - traffic_light_app - ERROR - Bleak error: name 'bleak' is not defined
2026-02-10 00:29:26,571 - traffic_light_app - ERROR - Bleak error: name 'bleak' is not defined
2026-02-10 00:29:26,694 - traffic_light_app - ERROR - Bleak error: name 'bleak' is not defined
2026-02-10 00:29:26,836 - traffic_light_app - ERROR - Bleak error: name 'bleak' is not defined
2026-02-10 00:29:26,962 - traffic_light_app - ERROR - Bleak error: name 'bleak' is not defined
2026-02-10 00:29:27,101 - traffic_light_app - ERROR - Bleak error: name 'bleak' is not defined
2026-02-10 00:29:27,220 - traffic_light_app - ERROR - Bleak error: name 'bleak' is not defined
2026-02-10 00:29:27,350 - traffic_light_app - ERROR - Bleak error: name 'bleak' is not defined
2026-02-10 00:29:27,496 - traffic_light_app - ERROR - Bleak error: name 'bleak' is not defined
2026-02-10 00:29:27,627 - traffic_light_app - ERROR - Bleak error: name 'bleak' is not defined
2026-02-10 00:29:27,768 - traffic_light_app - ERROR - Bleak error: name 'bleak' is not defined
2026-02-10 00:29:27,907 - traffic_light_app - ERROR - Bleak error: name 'bleak' is not defined
2026-02-10 00:29:28,037 - traffic_light_app - ERROR - Bleak error: name 'bleak' is not defined
2026-02-10 00:29:28,182 - traffic_light_app - ERROR - Bleak error: name 'bleak' is not defined
2026-02-10 00:29:28,320 - traffic_light_app - ERROR - Bleak error: name 'bleak' is not defined
2026-02-10 00:29:28,453 - traffic_light_app - ERROR - Bleak error: name 'bleak' is not defined
2026-02-10 00:29:28,562 - traffic_light_app - ERROR - Bleak error: name 'bleak' is not defined
2026-02-10 00:29:28,699 - traffic_light_app - ERROR - Bleak error: name 'bleak' is not defined
2026-02-10 00:29:28,834 - traffic_light_app - ERROR - Bleak error: name 'bleak' is not defined
2026-02-10 00:29:28,966 - traffic_light_app - ERROR - Bleak error: name 'bleak' is not defined
2026-02-10 00:29:29,095 - traffic_light_app - ERROR - Bleak error: name 'bleak' is not defined
2026-02-10 00:29:29,216 - traffic_light_app - ERROR - Bleak error: name 'bleak' is not defined
2026-02-10 00:29:29,359 - traffic_light_app - ERROR - Bleak error: name 'bleak' is not defined
2026-02-10 00:29:29,482 - traffic_light_app - ERROR - Bleak error: name 'bleak' is not defined
2026-02-10 00:29:29,601 - traffic_light_app - ERROR - Bleak error: name 'bleak' is not defined
2026-02-10 00:29:29,720 - traffic_light_app - ERROR - Bleak error: name 'bleak' is not defined
2026-02-10 00:29:29,860 - traffic_light_app - ERROR - Bleak error: name 'bleak' is not defined
2026-02-10 00:29:30,002 - traffic_light_app - ERROR - Bleak error: name 'bleak' is not defined
2026-02-10 00:29:30,140 - traffic_light_app - ERROR - Bleak error: name 'bleak' is not defined
2026-02-10 00:29:30,281 - traffic_light_app - ERROR - Bleak error: name 'bleak' is not defined
2026-02-10 00:29:30,416 - traffic_light_app - ERROR - Bleak error: name 'bleak' is not defined
2026-02-10 00:29:30,557 - traffic_light_app - ERROR - Bleak error: name 'bleak' is not defined
2026-02-10 00:29:30,697 - traffic_light_app - ERROR - Bleak error: name 'bleak' is not defined
2026-02-10 00:29:30,834 - traffic_light_app - ERROR - Bleak error: name 'bleak' is not defined
2026-02-10 00:29:30,959 - traffic_light_app - ERROR - Bleak error: name 'bleak' is not defined
2026-02-10 00:29:31,079 - traffic_light_app - ERROR - Bleak error: name 'bleak' is not defined
2026-02-10 00:29:31,214 - traffic_light_app - ERROR - Bleak error: name 'bleak' is not defined
2026-02-10 00:29:31,350 - traffic_light_app - ERROR - Bleak error: name 'bleak' is not defined
2026-02-10 00:29:31,477 - traffic_light_app - ERROR - Bleak error: name 'bleak' is not defined
2026-02-10 00:29:31,624 - traffic_light_app - ERROR - Bleak error: name 'bleak' is not defined
2026-02-10 00:29:31,747 - traffic_light_app - ERROR - Bleak error: name 'bleak' is not defined
2026-02-10 00:29:31,892 - traffic_light_app - ERROR - Bleak error: name 'bleak' is not defined
2026-02-10 00:29:32,029 - traffic_light_app - ERROR - Bleak error: name 'bleak' is not defined
2026-02-10 00:29:32,171 - traffic_light_app - ERROR - Bleak error: name 'bleak' is not defined
2026-02-10 00:29:32,303 - traffic_light_app - ERROR - Bleak error: name 'bleak' is not defined
2026-02-10 00:29:32,445 - traffic_light_app - ERROR - Bleak error: name 'bleak' is not defined
2026-02-10 00:29:32,570 - traffic_light_app - ERROR - Bleak error: name 'bleak' is not defined
2026-02-10 00:29:32,705 - traffic_light_app - ERROR - Bleak error: name 'bleak' is not defined
2026-02-10 00:29:32,841 - traffic_light_app - ERROR - Bleak error: name 'bleak' is not defined
2026-02-10 00:29:32,965 - traffic_light_app - ERROR - Bleak error: name 'bleak' is not defined
2026-02-10 00:29:33,086 - traffic_light_app - ERROR - Bleak error: name 'bleak' is not defined
2026-02-10 00:29:33,223 - traffic_light_app - ERROR - Bleak error: name 'bleak' is not defined
2026-02-10 00:29:33,369 - traffic_light_app - ERROR - Bleak error: name 'bleak' is not defined
2026-02-10 00:29:33,498 - traffic_light_app - ERROR - Bleak error: name 'bleak' is not defined
2026-02-10 00:29:33,626 - traffic_light_app - ERROR - Bleak error: name 'bleak' is not defined
2026-02-10 00:29:33,775 - traffic_light_app - ERROR - Bleak error: name 'bleak' is not defined
2026-02-10 00:29:33,917 - traffic_light_app - ERROR - Bleak error: name 'bleak' is not defined
2026-02-10 00:29:34,052 - traffic_light_app - ERROR - Bleak error: name 'bleak' is not defined
2026-02-10 00:29:34,194 - traffic_light_app - ERROR - Bleak error: name 'bleak' is not defined
2026-02-10 00:29:34,337 - traffic_light_app - ERROR - Bleak error: name 'bleak' is not defined
2026-02-10 00:29:34,461 - traffic_light_app - ERROR - Bleak error: name 'bleak' is not defined
2026-02-10 00:29:34,573 - traffic_light_app - ERROR - Bleak error: name 'bleak' is not defined
2026-02-10 00:29:34,718 - traffic_light_app - ERROR - Bleak error: name 'bleak' is not defined
2026-02-10 00:29:34,859 - traffic_light_app - ERROR - Bleak error: name 'bleak' is not defined
2026-02-10 00:29:34,995 - traffic_light_app - ERROR - Bleak error: name 'bleak' is not defined
2026-02-10 00:29:35,112 - traffic_light_app - ERROR - Bleak error: name 'bleak' is not defined
2026-02-10 00:29:35,232 - traffic_light_app - ERROR - Bleak error: name 'bleak' is not defined
2026-02-10 00:29:35,357 - traffic_light_app - ERROR - Bleak error: name 'bleak' is not defined
2026-02-10 00:29:35,486 - traffic_light_app - ERROR - Bleak error: name 'bleak' is not defined
2026-02-10 00:29:35,607 - traffic_light_app - ERROR - Bleak error: name 'bleak' is not defined
2026-02-10 00:29:35,729 - traffic_light_app - ERROR - Bleak error: name 'bleak' is not defined
2026-02-10 00:29:35,857 - traffic_light_app - ERROR - Bleak error: name 'bleak' is not defined
2026-02-10 00:29:36,000 - traffic_light_app - ERROR - Bleak error: name 'bleak' is not defined
2026-02-10 00:29:36,140 - traffic_light_app - ERROR - Bleak error: name 'bleak' is not defined
2026-02-10 00:29:36,267 - traffic_light_app - ERROR - Bleak error: name 'bleak' is not defined
2026-02-10 00:29:36,401 - traffic_light_app - ERROR - Bleak error: name 'bleak' is not defined
2026-02-10 00:29:36,531 - traffic_light_app - ERROR - Bleak error: name 'bleak' is not defined
2026-02-10 00:29:36,646 - traffic_light_app - ERROR - Bleak error: name 'bleak' is not defined
2026-02-10 00:29:36,787 - traffic_light_app - ERROR - Bleak error: name 'bleak' is not defined
2026-02-10 00:29:36,927 - traffic_light_app - ERROR - Bleak error: name 'bleak' is not defined
2026-02-10 00:29:37,063 - traffic_light_app - ERROR - Bleak error: name 'bleak' is not defined
2026-02-10 00:29:37,189 - traffic_light_app - ERROR - Bleak error: name 'bleak' is not defined
2026-02-10 00:29:37,333 - traffic_light_app - ERROR - Bleak error: name 'bleak' is not defined
2026-02-10 00:29:37,466 - traffic_light_app - ERROR - Bleak error: name 'bleak' is not defined
2026-02-10 00:29:37,612 - traffic_light_app - ERROR - Bleak error: name 'bleak' is not defined
2026-02-10 00:29:37,756 - traffic_light_app - ERROR - Bleak error: name 'bleak' is not defined
2026-02-10 00:29:37,887 - traffic_light_app - ERROR - Bleak error: name 'bleak' is not defined
2026-02-10 00:29:38,009 - traffic_light_app - ERROR - Bleak error: name 'bleak' is not defined
2026-02-10 00:29:38,137 - traffic_light_app - ERROR - Bleak error: name 'bleak' is not defined
2026-02-10 00:29:38,279 - traffic_light_app - ERROR - Bleak error: name 'bleak' is not defined
2026-02-10 00:32:28,008 - traffic_light_app - INFO - Model loaded successfully.
2026-02-10 00:32:36,810 - traffic_light_app - INFO - Model loaded successfully.
2026-02-10 00:41:58,081 - traffic_light_app - INFO - Model loaded successfully.
2026-02-10 00:42:01,476 - traffic_light_app - INFO - Attempting to open camera 0
2026-02-10 00:42:01,476 - traffic_light_app - INFO - Camera 0 opened successfully
2026-02-10 00:42:02,310 - traffic_light_app - ERROR - Bleak error: name 'bleak' is not defined
2026-02-10 00:42:02,457 - traffic_light_app - ERROR - Bleak error: name 'bleak' is not defined
2026-02-10 00:42:02,595 - traffic_light_app - ERROR - Bleak error: name 'bleak' is not defined
2026-02-10 00:42:02,726 - traffic_light_app - ERROR - Bleak error: name 'bleak' is not defined
2026-02-10 00:42:02,868 - traffic_light_app - ERROR - Bleak error: name 'bleak' is not defined
2026-02-10 00:42:03,002 - traffic_light_app - ERROR - Bleak error: name 'bleak' is not defined
2026-02-10 00:42:03,147 - traffic_light_app - ERROR - Bleak error: name 'bleak' is not defined
2026-02-10 00:42:03,273 - traffic_light_app - ERROR - Bleak error: name 'bleak' is not defined
2026-02-10 00:42:03,418 - traffic_light_app - ERROR - Bleak error: name 'bleak' is not defined
2026-02-10 00:42:03,553 - traffic_light_app - ERROR - Bleak error: name 'bleak' is not defined
2026-02-10 00:42:03,683 - traffic_light_app - ERROR - Bleak error: name 'bleak' is not defined
2026-02-10 02:09:56,814 - traffic_light_app - INFO - Model loaded successfully.
2026-02-10 02:10:01,155 - traffic_light_app - INFO - Attempting to open camera 0
2026-02-10 02:10:01,155 - traffic_light_app - INFO - Camera 0 opened successfully
2026-02-10 02:10:02,198 - traffic_light_app - ERROR - Bleak error: name 'bleak' is not defined
2026-02-10 02:10:02,352 - traffic_light_app - ERROR - Bleak error: name 'bleak' is not defined
2026-02-10 02:10:02,492 - traffic_light_app - ERROR - Bleak error: name 'bleak' is not defined
2026-02-10 02:10:02,633 - traffic_light_app - ERROR - Bleak error: name 'bleak' is not defined
2026-02-10 02:10:02,759 - traffic_light_app - ERROR - Bleak error: name 'bleak' is not defined
2026-02-10 02:10:02,883 - traffic_light_app - ERROR - Bleak error: name 'bleak' is not defined
2026-02-10 02:10:03,009 - traffic_light_app - ERROR - Bleak error: name 'bleak' is not defined
2026-02-10 02:10:03,149 - traffic_light_app - ERROR - Bleak error: name 'bleak' is not defined
2026-02-10 02:10:03,275 - traffic_light_app - ERROR - Bleak error: name 'bleak' is not defined
2026-02-10 02:10:03,416 - traffic_light_app - ERROR - Bleak error: name 'bleak' is not defined
2026-02-10 02:10:03,553 - traffic_light_app - ERROR - Bleak error: name 'bleak' is not defined
2026-02-10 02:10:03,672 - traffic_light_app - ERROR - Bleak error: name 'bleak' is not defined
2026-02-10 02:10:03,804 - traffic_light_app - ERROR - Bleak error: name 'bleak' is not defined
2026-02-10 02:10:03,934 - traffic_light_app - ERROR - Bleak error: name 'bleak' is not defined
2026-02-10 02:10:04,070 - traffic_light_app - ERROR - Bleak error: name 'bleak' is not defined
2026-02-10 02:10:04,208 - traffic_light_app - ERROR - Bleak error: name 'bleak' is not defined
2026-02-10 02:10:04,334 - traffic_light_app - ERROR - Bleak error: name 'bleak' is not defined
2026-02-10 02:10:04,461 - traffic_light_app - ERROR - Bleak error: name 'bleak' is not defined
2026-02-10 02:10:04,593 - traffic_light_app - ERROR - Bleak error: name 'bleak' is not defined
2026-02-10 02:10:04,721 - traffic_light_app - ERROR - Bleak error: name 'bleak' is not defined
2026-02-10 02:10:04,851 - traffic_light_app - ERROR - Bleak error: name 'bleak' is not defined
2026-02-10 02:10:04,997 - traffic_light_app - ERROR - Bleak error: name 'bleak' is not defined
2026-02-10 02:10:05,129 - traffic_light_app - ERROR - Bleak error: name 'bleak' is not defined
2026-02-10 02:10:05,269 - traffic_light_app - ERROR - Bleak error: name 'bleak' is not defined
2026-02-10 02:10:05,397 - traffic_light_app - ERROR - Bleak error: name 'bleak' is not defined
2026-02-10 02:10:05,532 - traffic_light_app - ERROR - Bleak error: name 'bleak' is not defined
2026-02-10 02:10:05,673 - traffic_light_app - ERROR - Bleak error: name 'bleak' is not defined
2026-02-10 02:10:05,803 - traffic_light_app - ERROR - Bleak error: name 'bleak' is not defined
2026-02-10 02:10:05,943 - traffic_light_app - ERROR - Bleak error: name 'bleak' is not defined
2026-02-10 02:10:06,075 - traffic_light_app - ERROR - Bleak error: name 'bleak' is not defined
2026-02-10 02:10:06,218 - traffic_light_app - ERROR - Bleak error: name 'bleak' is not defined
2026-02-10 02:10:06,366 - traffic_light_app - ERROR - Bleak error: name 'bleak' is not defined
2026-02-10 02:10:06,502 - traffic_light_app - ERROR - Bleak error: name 'bleak' is not defined
2026-02-10 02:10:06,641 - traffic_light_app - ERROR - Bleak error: name 'bleak' is not defined
2026-02-10 02:10:06,782 - traffic_light_app - ERROR - Bleak error: name 'bleak' is not defined
2026-02-10 02:10:06,925 - traffic_light_app - ERROR - Bleak error: name 'bleak' is not defined
2026-02-10 02:10:07,071 - traffic_light_app - ERROR - Bleak error: name 'bleak' is not defined
2026-02-10 02:10:07,208 - traffic_light_app - ERROR - Bleak error: name 'bleak' is not defined
2026-02-10 02:10:07,320 - traffic_light_app - ERROR - Bleak error: name 'bleak' is not defined
2026-02-10 02:10:07,463 - traffic_light_app - ERROR - Bleak error: name 'bleak' is not defined
2026-02-10 02:10:07,607 - traffic_light_app - ERROR - Bleak error: name 'bleak' is not defined
2026-02-10 02:10:07,718 - traffic_light_app - ERROR - Bleak error: name 'bleak' is not defined
2026-02-10 02:10:07,823 - traffic_light_app - ERROR - Bleak error: name 'bleak' is not defined
2026-02-10 02:10:07,928 - traffic_light_app - ERROR - Bleak error: name 'bleak' is not defined
2026-02-10 02:10:08,037 - traffic_light_app - ERROR - Bleak error: name 'bleak' is not defined
2026-02-10 02:10:08,164 - traffic_light_app - ERROR - Bleak error: name 'bleak' is not defined
2026-02-10 02:10:08,299 - traffic_light_app - ERROR - Bleak error: name 'bleak' is not defined
2026-02-10 02:10:08,435 - traffic_light_app - ERROR - Bleak error: name 'bleak' is not defined
2026-02-10 02:10:08,579 - traffic_light_app - ERROR - Bleak error: name 'bleak' is not defined
2026-02-10 02:10:08,730 - traffic_light_app - ERROR - Bleak error: name 'bleak' is not defined
2026-02-10 02:10:08,850 - traffic_light_app - ERROR - Bleak error: name 'bleak' is not defined
2026-02-10 02:10:08,981 - traffic_light_app - ERROR - Bleak error: name 'bleak' is not defined
2026-02-10 02:10:09,121 - traffic_light_app - ERROR - Bleak error: name 'bleak' is not defined
2026-02-10 02:10:09,261 - traffic_light_app - ERROR - Bleak error: name 'bleak' is not defined
2026-02-10 02:10:09,403 - traffic_light_app - ERROR - Bleak error: name 'bleak' is not defined
2026-02-10 02:10:09,540 - traffic_light_app - ERROR - Bleak error: name 'bleak' is not defined
2026-02-10 02:10:09,684 - traffic_light_app - ERROR - Bleak error: name 'bleak' is not defined
2026-02-10 02:10:09,830 - traffic_light_app - ERROR - Bleak error: name 'bleak' is not defined
2026-02-10 02:10:09,953 - traffic_light_app - ERROR - Bleak error: name 'bleak' is not defined
2026-02-10 02:10:10,095 - traffic_light_app - ERROR - Bleak error: name 'bleak' is not defined
2026-02-10 02:10:10,233 - traffic_light_app - ERROR - Bleak error: name 'bleak' is not defined
2026-02-10 02:10:10,376 - traffic_light_app - ERROR - Bleak error: name 'bleak' is not defined
2026-02-10 02:10:10,511 - traffic_light_app - ERROR - Bleak error: name 'bleak' is not defined
2026-02-10 02:10:10,658 - traffic_light_app - ERROR - Bleak error: name 'bleak' is not defined
2026-02-10 02:10:10,800 - traffic_light_app - ERROR - Bleak error: name 'bleak' is not defined
2026-02-10 02:10:10,933 - traffic_light_app - ERROR - Bleak error: name 'bleak' is not defined
2026-02-10 02:10:11,071 - traffic_light_app - ERROR - Bleak error: name 'bleak' is not defined
2026-02-10 02:10:11,212 - traffic_light_app - ERROR - Bleak error: name 'bleak' is not defined
2026-02-10 02:10:11,355 - traffic_light_app - ERROR - Bleak error: name 'bleak' is not defined
2026-02-10 02:10:11,496 - traffic_light_app - ERROR - Bleak error: name 'bleak' is not defined
2026-02-10 02:10:11,624 - traffic_light_app - ERROR - Bleak error: name 'bleak' is not defined
2026-02-10 02:10:11,770 - traffic_light_app - ERROR - Bleak error: name 'bleak' is not defined
2026-02-10 02:10:11,909 - traffic_light_app - ERROR - Bleak error: name 'bleak' is not defined
2026-02-10 02:10:12,036 - traffic_light_app - ERROR - Bleak error: name 'bleak' is not defined
2026-02-10 02:10:12,174 - traffic_light_app - ERROR - Bleak error: name 'bleak' is not defined
2026-02-10 02:10:12,318 - traffic_light_app - ERROR - Bleak error: name 'bleak' is not defined
2026-02-10 02:10:12,460 - traffic_light_app - ERROR - Bleak error: name 'bleak' is not defined
2026-02-10 02:10:12,600 - traffic_light_app - ERROR - Bleak error: name 'bleak' is not defined
2026-02-10 02:10:12,741 - traffic_light_app - ERROR - Bleak error: name 'bleak' is not defined
2026-02-10 02:10:12,875 - traffic_light_app - ERROR - Bleak error: name 'bleak' is not defined
2026-02-10 02:10:13,017 - traffic_light_app - ERROR - Bleak error: name 'bleak' is not defined
2026-02-10 02:10:13,158 - traffic_light_app - ERROR - Bleak error: name 'bleak' is not defined
2026-02-10 02:10:13,297 - traffic_light_app - ERROR - Bleak error: name 'bleak' is not defined
2026-02-10 02:10:13,426 - traffic_light_app - ERROR - Bleak error: name 'bleak' is not defined
2026-02-10 02:10:13,560 - traffic_light_app - ERROR - Bleak error: name 'bleak' is not defined
2026-02-10 02:10:13,683 - traffic_light_app - ERROR - Bleak error: name 'bleak' is not defined
2026-02-10 02:10:13,827 - traffic_light_app - ERROR - Bleak error: name 'bleak' is not defined
2026-02-10 02:10:13,966 - traffic_light_app - ERROR - Bleak error: name 'bleak' is not defined
2026-02-10 02:10:14,100 - traffic_light_app - ERROR - Bleak error: name 'bleak' is not defined
2026-02-10 02:10:14,239 - traffic_light_app - ERROR - Bleak error: name 'bleak' is not defined
2026-02-10 02:10:14,376 - traffic_light_app - ERROR - Bleak error: name 'bleak' is not defined
2026-02-10 02:10:14,503 - traffic_light_app - ERROR - Bleak error: name 'bleak' is not defined
2026-02-10 02:10:14,631 - traffic_light_app - ERROR - Bleak error: name 'bleak' is not defined
2026-02-10 02:10:14,786 - traffic_light_app - ERROR - Bleak error: name 'bleak' is not defined
2026-02-10 02:10:14,924 - traffic_light_app - ERROR - Bleak error: name 'bleak' is not defined
2026-02-10 02:10:15,070 - traffic_light_app - ERROR - Bleak error: name 'bleak' is not defined
2026-02-10 02:10:15,209 - traffic_light_app - ERROR - Bleak error: name 'bleak' is not defined
2026-02-10 02:10:15,353 - traffic_light_app - ERROR - Bleak error: name 'bleak' is not defined
2026-02-10 02:10:15,493 - traffic_light_app - ERROR - Bleak error: name 'bleak' is not defined
2026-02-10 02:10:15,639 - traffic_light_app - ERROR - Bleak error: name 'bleak' is not defined
2026-02-10 02:10:15,776 - traffic_light_app - ERROR - Bleak error: name 'bleak' is not defined
2026-02-10 02:10:15,918 - traffic_light_app - ERROR - Bleak error: name 'bleak' is not defined
2026-02-10 02:10:16,059 - traffic_light_app - ERROR - Bleak error: name 'bleak' is not defined
2026-02-10 02:10:16,197 - traffic_light_app - ERROR - Bleak error: name 'bleak' is not defined
2026-02-10 02:10:16,330 - traffic_light_app - ERROR - Bleak error: name 'bleak' is not defined
2026-02-10 02:10:16,472 - traffic_light_app - ERROR - Bleak error: name 'bleak' is not defined
2026-02-10 02:10:16,613 - traffic_light_app - ERROR - Bleak error: name 'bleak' is not defined
2026-02-10 02:10:16,761 - traffic_light_app - ERROR - Bleak error: name 'bleak' is not defined
2026-02-10 02:10:16,896 - traffic_light_app - ERROR - Bleak error: name 'bleak' is not defined
2026-02-10 02:10:17,043 - traffic_light_app - ERROR - Bleak error: name 'bleak' is not defined
2026-02-10 02:10:17,190 - traffic_light_app - ERROR - Bleak error: name 'bleak' is not defined
2026-02-10 02:10:17,323 - traffic_light_app - ERROR - Bleak error: name 'bleak' is not defined
2026-02-10 02:10:17,456 - traffic_light_app - ERROR - Bleak error: name 'bleak' is not defined
2026-02-10 02:10:17,589 - traffic_light_app - ERROR - Bleak error: name 'bleak' is not defined
2026-02-10 02:10:17,730 - traffic_light_app - ERROR - Bleak error: name 'bleak' is not defined
2026-02-10 02:10:17,850 - traffic_light_app - ERROR - Bleak error: name 'bleak' is not defined
2026-02-10 02:10:17,983 - traffic_light_app - ERROR - Bleak error: name 'bleak' is not defined
2026-02-10 02:10:18,120 - traffic_light_app - ERROR - Bleak error: name 'bleak' is not defined
2026-02-10 02:10:18,248 - traffic_light_app - ERROR - Bleak error: name 'bleak' is not defined
2026-02-10 02:10:18,388 - traffic_light_app - ERROR - Bleak error: name 'bleak' is not defined
2026-02-10 02:10:18,520 - traffic_light_app - ERROR - Bleak error: name 'bleak' is not defined
2026-02-10 02:10:18,646 - traffic_light_app - ERROR - Bleak error: name 'bleak' is not defined
2026-02-10 02:10:18,781 - traffic_light_app - ERROR - Bleak error: name 'bleak' is not defined
2026-02-10 02:10:18,915 - traffic_light_app - ERROR - Bleak error: name 'bleak' is not defined
2026-02-10 02:10:19,054 - traffic_light_app - ERROR - Bleak error: name 'bleak' is not defined
2026-02-10 02:10:19,196 - traffic_light_app - ERROR - Bleak error: name 'bleak' is not defined
2026-02-10 02:10:19,337 - traffic_light_app - ERROR - Bleak error: name 'bleak' is not defined
2026-02-10 02:10:19,464 - traffic_light_app - ERROR - Bleak error: name 'bleak' is not defined
2026-02-10 02:10:19,588 - traffic_light_app - ERROR - Bleak error: name 'bleak' is not defined
2026-02-10 02:10:19,730 - traffic_light_app - ERROR - Bleak error: name 'bleak' is not defined
2026-02-10 02:10:19,879 - traffic_light_app - ERROR - Bleak error: name 'bleak' is not defined
2026-02-10 02:10:20,007 - traffic_light_app - ERROR - Bleak error: name 'bleak' is not defined
2026-02-10 02:10:20,143 - traffic_light_app - ERROR - Bleak error: name 'bleak' is not defined
2026-02-10 02:10:20,293 - traffic_light_app - ERROR - Bleak error: name 'bleak' is not defined
2026-02-10 02:10:20,426 - traffic_light_app - ERROR - Bleak error: name 'bleak' is not defined
2026-02-10 02:10:20,571 - traffic_light_app - ERROR - Bleak error: name 'bleak' is not defined
2026-02-10 02:10:20,713 - traffic_light_app - ERROR - Bleak error: name 'bleak' is not defined
2026-02-10 02:10:20,857 - traffic_light_app - ERROR - Bleak error: name 'bleak' is not defined
2026-02-10 02:10:20,989 - traffic_light_app - ERROR - Bleak error: name 'bleak' is not defined
2026-02-10 02:10:21,130 - traffic_light_app - ERROR - Bleak error: name 'bleak' is not defined
2026-02-10 02:10:21,276 - traffic_light_app - ERROR - Bleak error: name 'bleak' is not defined
2026-02-10 02:10:21,413 - traffic_light_app - ERROR - Bleak error: name 'bleak' is not defined
2026-02-10 02:10:21,556 - traffic_light_app - ERROR - Bleak error: name 'bleak' is not defined
2026-02-10 02:10:21,699 - traffic_light_app - ERROR - Bleak error: name 'bleak' is not defined
2026-02-10 02:10:21,835 - traffic_light_app - ERROR - Bleak error: name 'bleak' is not defined
2026-02-10 02:10:21,971 - traffic_light_app - ERROR - Bleak error: name 'bleak' is not defined
2026-02-10 02:10:22,119 - traffic_light_app - ERROR - Bleak error: name 'bleak' is not defined
2026-02-10 02:10:22,258 - traffic_light_app - ERROR - Bleak error: name 'bleak' is not defined
2026-02-10 02:10:22,404 - traffic_light_app - ERROR - Bleak error: name 'bleak' is not defined
2026-02-10 02:10:22,535 - traffic_light_app - ERROR - Bleak error: name 'bleak' is not defined
2026-02-10 02:10:22,673 - traffic_light_app - ERROR - Bleak error: name 'bleak' is not defined
2026-02-10 02:10:22,806 - traffic_light_app - ERROR - Bleak error: name 'bleak' is not defined
2026-02-10 02:10:22,951 - traffic_light_app - ERROR - Bleak error: name 'bleak' is not defined
2026-02-10 02:10:23,073 - traffic_light_app - ERROR - Bleak error: name 'bleak' is not defined
2026-02-10 02:10:23,217 - traffic_light_app - ERROR - Bleak error: name 'bleak' is not defined
2026-02-10 02:10:23,352 - traffic_light_app - ERROR - Bleak error: name 'bleak' is not defined
2026-02-10 02:10:23,496 - traffic_light_app - ERROR - Bleak error: name 'bleak' is not defined
2026-02-10 02:10:23,636 - traffic_light_app - ERROR - Bleak error: name 'bleak' is not defined
2026-02-10 02:10:23,768 - traffic_light_app - ERROR - Bleak error: name 'bleak' is not defined
2026-02-10 02:10:23,909 - traffic_light_app - ERROR - Bleak error: name 'bleak' is not defined
2026-02-10 02:10:24,031 - traffic_light_app - ERROR - Bleak error: name 'bleak' is not defined
2026-02-10 02:10:24,177 - traffic_light_app - ERROR - Bleak error: name 'bleak' is not defined
2026-02-10 02:10:24,313 - traffic_light_app - ERROR - Bleak error: name 'bleak' is not defined
2026-02-10 02:10:24,453 - traffic_light_app - ERROR - Bleak error: name 'bleak' is not defined
2026-02-10 02:10:24,593 - traffic_light_app - ERROR - Bleak error: name 'bleak' is not defined
2026-02-10 02:10:24,728 - traffic_light_app - ERROR - Bleak error: name 'bleak' is not defined
2026-02-10 02:10:24,872 - traffic_light_app - ERROR - Bleak error: name 'bleak' is not defined
2026-02-10 02:10:25,007 - traffic_light_app - ERROR - Bleak error: name 'bleak' is not defined
2026-02-10 02:10:25,146 - traffic_light_app - ERROR - Bleak error: name 'bleak' is not defined
2026-02-10 02:10:25,289 - traffic_light_app - ERROR - Bleak error: name 'bleak' is not defined
2026-02-10 02:10:25,432 - traffic_light_app - ERROR - Bleak error: name 'bleak' is not defined
2026-02-10 02:10:25,577 - traffic_light_app - ERROR - Bleak error: name 'bleak' is not defined
2026-02-10 02:10:25,708 - traffic_light_app - ERROR - Bleak error: name 'bleak' is not defined
2026-02-10 02:10:25,842 - traffic_light_app - ERROR - Bleak error: name 'bleak' is not defined
2026-02-10 02:10:25,989 - traffic_light_app - ERROR - Bleak error: name 'bleak' is not defined
2026-02-10 02:10:26,121 - traffic_light_app - ERROR - Bleak error: name 'bleak' is not defined
2026-02-10 02:10:26,256 - traffic_light_app - ERROR - Bleak error: name 'bleak' is not defined
2026-02-10 02:10:26,391 - traffic_light_app - ERROR - Bleak error: name 'bleak' is not defined
2026-02-10 02:10:26,526 - traffic_light_app - ERROR - Bleak error: name 'bleak' is not defined
2026-02-10 02:10:26,656 - traffic_light_app - ERROR - Bleak error: name 'bleak' is not defined
